<?xml version="1.0" encoding="UTF-8"?>
<!-- Generated by org.testng.reporters.JUnitReportReporter -->
<testsuite hostname="DESKTOP-64F22SR" failures="0" tests="2" name="day2.DiffWaysToCreatePostRequestBody2ndApproach" time="4.171" errors="0" timestamp="2023-12-01T17:10:29 IST" skipped="0">
  <testcase classname="day2.DiffWaysToCreatePostRequestBody2ndApproach" name="testPostUsingJsonLibrary" time="4.079"/>
  <testcase classname="day2.DiffWaysToCreatePostRequestBody2ndApproach" name="testDelete" time="0.092"/>
</testsuite> <!-- day2.DiffWaysToCreatePostRequestBody2ndApproach -->
