<?xml version="1.0" encoding="UTF-8"?>
<!-- Generated by org.testng.reporters.JUnitReportReporter -->
<testsuite hostname="DESKTOP-64F22SR" failures="0" tests="2" name="day2.DiffWaysToCreatePostRequestBody4thApproach" time="4.175" errors="0" timestamp="2023-12-05T14:41:51 IST" skipped="0">
  <testcase classname="day2.DiffWaysToCreatePostRequestBody4thApproach" name="testPostUsingExternalJson" time="4.103"/>
  <testcase classname="day2.DiffWaysToCreatePostRequestBody4thApproach" name="testDelete" time="0.072"/>
</testsuite> <!-- day2.DiffWaysToCreatePostRequestBody4thApproach -->
