<?xml version="1.0" encoding="UTF-8"?>
<!-- Generated by org.testng.reporters.JUnitReportReporter -->
<testsuite hostname="DESKTOP-64F22SR" failures="0" tests="2" name="day2.DiffWaysToCreatePostRequestBody3rdApproach" time="4.637" errors="0" timestamp="2023-12-05T13:21:18 IST" skipped="0">
  <testcase classname="day2.DiffWaysToCreatePostRequestBody3rdApproach" name="testPostUsingPOJO" time="4.501"/>
  <testcase classname="day2.DiffWaysToCreatePostRequestBody3rdApproach" name="testDelete" time="0.136"/>
</testsuite> <!-- day2.DiffWaysToCreatePostRequestBody3rdApproach -->
