<?xml version="1.0" encoding="UTF-8"?>
<!-- Generated by org.testng.reporters.JUnitReportReporter -->
<testsuite hostname="DESKTOP-64F22SR" failures="0" tests="2" name="day2.DiffWaysToCreatePostRequestBody" time="4.601" errors="0" timestamp="2023-12-01T13:08:59 IST" skipped="0">
  <testcase classname="day2.DiffWaysToCreatePostRequestBody" name="testCreateUsingHashMap" time="4.524"/>
  <testcase classname="day2.DiffWaysToCreatePostRequestBody" name="testDelete" time="0.077"/>
</testsuite> <!-- day2.DiffWaysToCreatePostRequestBody -->
