<?xml version="1.0" encoding="UTF-8"?>
<!-- Generated by org.testng.reporters.JUnitReportReporter -->
<testsuite hostname="DESKTOP-64F22SR" failures="0" tests="4" name="day1.HTTPRequests" time="7.347" errors="0" timestamp="2023-11-30T18:11:03 IST" skipped="0">
  <testcase classname="day1.HTTPRequests" name="getUsers" time="4.580"/>
  <testcase classname="day1.HTTPRequests" name="createUser" time="1.225"/>
  <testcase classname="day1.HTTPRequests" name="updateUser" time="0.817"/>
  <testcase classname="day1.HTTPRequests" name="deleteUser" time="0.725"/>
</testsuite> <!-- day1.HTTPRequests -->
